<?xml version="1.0" encoding="UTF-8"?>
<robot generator="Robot 3.0.3 (Python 3.6.3 on darwin)" generated="20180531 20:07:04.569">
<suite id="s1" name="Test" source="/Users/yiyang/Desktop/young/tests/test.robot">
<test id="s1-t1" name="testcase">
<kw name="Log" library="BuiltIn">
<doc>Logs the given message with the given level.</doc>
<arguments>
<arg>robot framework</arg>
</arguments>
<msg timestamp="20180531 20:07:04.595" level="INFO">robot framework</msg>
<status status="PASS" starttime="20180531 20:07:04.595" endtime="20180531 20:07:04.595"></status>
</kw>
<status status="PASS" starttime="20180531 20:07:04.594" endtime="20180531 20:07:04.595" critical="yes"></status>
</test>
<status status="PASS" starttime="20180531 20:07:04.571" endtime="20180531 20:07:04.596"></status>
</suite>
<statistics>
<total>
<stat pass="1" fail="0">Critical Tests</stat>
<stat pass="1" fail="0">All Tests</stat>
</total>
<tag>
</tag>
<suite>
<stat pass="1" fail="0" id="s1" name="Test">Test</stat>
</suite>
</statistics>
<errors>
</errors>
</robot>
